
 TRANFT:  Transport property fitting,
           CHEMKIN-II Version 1.9, November 1990
           DOUBLE PRECISION



 OUTPUT FROM THE TRANSPORT PROPERTY FITTING PACKAGE



  CKLIB:  Chemical Kinetics Library
          CHEMKIN-II Version 4.1, February 1993
          DOUBLE PRECISION

 DATA HAS BEEN FIT OVER THE RANGE:  TLOW=   200.00, THIGH=  5000.00



 TRANSPORT PARAMETERS FROM DATA BASE:

 AR                 0   136.500     3.330     0.000     0.000     0.000          
 H                  0   145.000     2.050     0.000     0.000     0.000          
 H2                 1    38.000     2.920     0.000     0.790   280.000          
 H2O                2   572.400     2.605     1.844     0.000     4.000          
 H2O2               2   107.400     3.458     0.000     0.000     3.800          
 HO2                2   107.400     3.458     0.000     0.000     1.000  !(*)    
 HE                 0    10.200     2.576     0.000     0.000     0.000  !(*)    
 N2                 1    97.530     3.621     0.000     1.760     4.000          
 O                  0    80.000     2.750     0.000     0.000     0.000          
 O2                 1   107.400     3.458     0.000     1.600     3.800          
 OH                 1    80.000     2.750     0.000     0.000     0.000          
 CO                 1    98.100     3.650     0.000     1.950     1.800          
 CO2                1   244.000     3.763     0.000     2.650     2.100          
 HCO                2   498.000     3.590     0.000     0.000     0.000          
 CH2O               2   498.000     3.590     0.000     0.000     2.000          
 HOCO               2   244.000     3.763     0.000     0.000     1.000          



 COEFFICIENTS FOR SPECIES CONDUCTIVITIES

  MAXIMUM FITTING ERROR =    2.262E-02
  
  O            0.174E+01   0.187E+01  -0.161E+00   0.705E-02
  O2          -0.290E-01   0.214E+01  -0.173E+00   0.737E-02
  N2           0.692E+01  -0.904E+00   0.266E+00  -0.137E-01
  H           -0.435E+00   0.343E+01  -0.361E+00   0.156E-01
  H2           0.726E+01   0.201E+00   0.463E-01  -0.538E-03
  H2O          0.160E+02  -0.576E+01   0.107E+01  -0.540E-01
  OH           0.105E+02  -0.178E+01   0.340E+00  -0.149E-01
  H2O2         0.162E+01   0.106E+01   0.473E-01  -0.536E-02
  HO2          0.554E+01  -0.590E+00   0.263E+00  -0.148E-01
  HE           0.479E+01   0.120E+01  -0.875E-01   0.456E-02
  AR          -0.282E+01   0.328E+01  -0.342E+00   0.148E-01
  CO           0.623E+01  -0.653E+00   0.235E+00  -0.125E-01
  CO2         -0.109E+02   0.579E+01  -0.571E+00   0.212E-01
  HOCO        -0.981E+01   0.520E+01  -0.463E+00   0.153E-01
  HCO          0.368E+01  -0.759E+00   0.380E+00  -0.237E-01
  CH2O         0.507E+01  -0.180E+01   0.590E+00  -0.358E-01



 COEFFICIENTS FOR SPECIES VISCOSITIES

  MAXIMUM FITTING ERROR =    7.370E-03
  
  O           -0.150E+02   0.187E+01  -0.161E+00   0.705E-02
  O2          -0.171E+02   0.262E+01  -0.259E+00   0.113E-01
  N2          -0.167E+02   0.240E+01  -0.230E+00   0.101E-01
  H           -0.200E+02   0.343E+01  -0.361E+00   0.156E-01
  H2          -0.139E+02   0.101E+01  -0.491E-01   0.222E-02
  H2O         -0.134E+02  -0.704E-01   0.224E+00  -0.143E-01
  OH          -0.150E+02   0.187E+01  -0.161E+00   0.705E-02
  H2O2        -0.171E+02   0.262E+01  -0.259E+00   0.113E-01
  HO2         -0.171E+02   0.262E+01  -0.259E+00   0.113E-01
  HE          -0.134E+02   0.120E+01  -0.875E-01   0.456E-02
  AR          -0.187E+02   0.328E+01  -0.342E+00   0.148E-01
  CO          -0.167E+02   0.241E+01  -0.232E+00   0.102E-01
  CO2         -0.224E+02   0.444E+01  -0.473E+00   0.197E-01
  HOCO        -0.224E+02   0.444E+01  -0.473E+00   0.197E-01
  HCO         -0.184E+02   0.221E+01  -0.115E+00   0.165E-02
  CH2O        -0.184E+02   0.221E+01  -0.115E+00   0.165E-02



 COEFFICIENTS FOR SPECIES DIFFUSION COEFFICIENTS

  MAXIMUM FITTING ERROR =    6.443E-03
  
  O         O           -0.133E+02   0.293E+01  -0.166E+00   0.716E-02
  
  O2        O           -0.148E+02   0.334E+01  -0.220E+00   0.954E-02
  O2        O2          -0.158E+02   0.354E+01  -0.244E+00   0.105E-01
  
  N2        O           -0.145E+02   0.322E+01  -0.204E+00   0.887E-02
  N2        O2          -0.155E+02   0.344E+01  -0.231E+00   0.100E-01
  N2        N2          -0.153E+02   0.337E+01  -0.224E+00   0.971E-02
  
  H         O           -0.143E+02   0.382E+01  -0.281E+00   0.121E-01
  H         O2          -0.157E+02   0.420E+01  -0.326E+00   0.139E-01
  H         N2          -0.155E+02   0.412E+01  -0.316E+00   0.135E-01
  H         H           -0.147E+02   0.413E+01  -0.317E+00   0.135E-01
  
  H2        O           -0.116E+02   0.259E+01  -0.125E+00   0.558E-02
  H2        O2          -0.127E+02   0.288E+01  -0.163E+00   0.721E-02
  H2        N2          -0.126E+02   0.283E+01  -0.157E+00   0.696E-02
  H2        H           -0.118E+02   0.290E+01  -0.162E+00   0.705E-02
  H2        H2          -0.999E+01   0.204E+01  -0.514E-01   0.228E-02
  
  H2O       O           -0.184E+02   0.471E+01  -0.378E+00   0.156E-01
  H2O       O2          -0.194E+02   0.481E+01  -0.377E+00   0.150E-01
  H2O       N2          -0.194E+02   0.483E+01  -0.383E+00   0.154E-01
  H2O       H           -0.169E+02   0.440E+01  -0.312E+00   0.118E-01
  H2O       H2          -0.170E+02   0.454E+01  -0.364E+00   0.153E-01
  H2O       H2O         -0.134E+02   0.167E+01   0.124E+00  -0.978E-02
  
  OH        O           -0.133E+02   0.293E+01  -0.166E+00   0.716E-02
  OH        O2          -0.148E+02   0.333E+01  -0.219E+00   0.949E-02
  OH        N2          -0.145E+02   0.321E+01  -0.203E+00   0.882E-02
  OH        H           -0.143E+02   0.383E+01  -0.282E+00   0.121E-01
  OH        H2          -0.116E+02   0.259E+01  -0.126E+00   0.559E-02
  OH        H2O         -0.184E+02   0.471E+01  -0.378E+00   0.156E-01
  OH        OH          -0.134E+02   0.293E+01  -0.166E+00   0.716E-02
  
  H2O2      O           -0.148E+02   0.335E+01  -0.221E+00   0.959E-02
  H2O2      O2          -0.158E+02   0.354E+01  -0.244E+00   0.105E-01
  H2O2      N2          -0.155E+02   0.344E+01  -0.232E+00   0.100E-01
  H2O2      H           -0.157E+02   0.420E+01  -0.326E+00   0.139E-01
  H2O2      H2          -0.127E+02   0.289E+01  -0.164E+00   0.722E-02
  H2O2      H2O         -0.192E+02   0.476E+01  -0.377E+00   0.153E-01
  H2O2      OH          -0.148E+02   0.334E+01  -0.220E+00   0.954E-02
  H2O2      H2O2        -0.158E+02   0.354E+01  -0.244E+00   0.105E-01
  
  HO2       O           -0.148E+02   0.334E+01  -0.220E+00   0.957E-02
  HO2       O2          -0.158E+02   0.354E+01  -0.244E+00   0.105E-01
  HO2       N2          -0.155E+02   0.344E+01  -0.231E+00   0.100E-01
  HO2       H           -0.157E+02   0.420E+01  -0.326E+00   0.139E-01
  HO2       H2          -0.127E+02   0.288E+01  -0.163E+00   0.722E-02
  HO2       H2O         -0.192E+02   0.477E+01  -0.378E+00   0.153E-01
  HO2       OH          -0.148E+02   0.334E+01  -0.219E+00   0.952E-02
  HO2       H2O2        -0.158E+02   0.354E+01  -0.244E+00   0.105E-01
  HO2       HO2         -0.158E+02   0.354E+01  -0.244E+00   0.105E-01
  
  HE        O           -0.102E+02   0.201E+01  -0.499E-01   0.234E-02
  HE        O2          -0.105E+02   0.200E+01  -0.475E-01   0.216E-02
  HE        N2          -0.106E+02   0.201E+01  -0.493E-01   0.227E-02
  HE        H           -0.945E+01   0.205E+01  -0.532E-01   0.235E-02
  HE        H2          -0.963E+01   0.196E+01  -0.452E-01   0.224E-02
  HE        H2O         -0.129E+02   0.301E+01  -0.178E+00   0.776E-02
  HE        OH          -0.102E+02   0.201E+01  -0.499E-01   0.234E-02
  HE        H2O2        -0.105E+02   0.200E+01  -0.475E-01   0.216E-02
  HE        HO2         -0.105E+02   0.200E+01  -0.475E-01   0.216E-02
  HE        HE          -0.107E+02   0.248E+01  -0.125E+00   0.625E-02
  
  AR        O           -0.154E+02   0.357E+01  -0.248E+00   0.107E-01
  AR        O2          -0.165E+02   0.378E+01  -0.275E+00   0.118E-01
  AR        N2          -0.163E+02   0.372E+01  -0.267E+00   0.115E-01
  AR        H           -0.160E+02   0.431E+01  -0.336E+00   0.142E-01
  AR        H2          -0.130E+02   0.301E+01  -0.178E+00   0.777E-02
  AR        H2O         -0.193E+02   0.472E+01  -0.364E+00   0.144E-01
  AR        OH          -0.154E+02   0.356E+01  -0.247E+00   0.107E-01
  AR        H2O2        -0.165E+02   0.378E+01  -0.274E+00   0.118E-01
  AR        HO2         -0.165E+02   0.378E+01  -0.274E+00   0.118E-01
  AR        HE          -0.106E+02   0.202E+01  -0.492E-01   0.219E-02
  AR        AR          -0.172E+02   0.404E+01  -0.306E+00   0.131E-01
  
  CO        O           -0.145E+02   0.323E+01  -0.206E+00   0.891E-02
  CO        O2          -0.155E+02   0.344E+01  -0.232E+00   0.100E-01
  CO        N2          -0.153E+02   0.338E+01  -0.225E+00   0.974E-02
  CO        H           -0.155E+02   0.413E+01  -0.317E+00   0.135E-01
  CO        H2          -0.126E+02   0.284E+01  -0.158E+00   0.701E-02
  CO        H2O         -0.195E+02   0.483E+01  -0.382E+00   0.154E-01
  CO        OH          -0.145E+02   0.322E+01  -0.204E+00   0.887E-02
  CO        H2O2        -0.155E+02   0.344E+01  -0.232E+00   0.100E-01
  CO        HO2         -0.155E+02   0.344E+01  -0.232E+00   0.100E-01
  CO        HE          -0.106E+02   0.201E+01  -0.490E-01   0.225E-02
  CO        AR          -0.163E+02   0.372E+01  -0.267E+00   0.115E-01
  CO        CO          -0.154E+02   0.339E+01  -0.226E+00   0.978E-02
  
  CO2       O           -0.172E+02   0.413E+01  -0.316E+00   0.134E-01
  CO2       O2          -0.182E+02   0.434E+01  -0.340E+00   0.144E-01
  CO2       N2          -0.180E+02   0.428E+01  -0.334E+00   0.142E-01
  CO2       H           -0.170E+02   0.451E+01  -0.347E+00   0.140E-01
  CO2       H2          -0.150E+02   0.370E+01  -0.268E+00   0.117E-01
  CO2       H2O         -0.183E+02   0.401E+01  -0.242E+00   0.802E-02
  CO2       OH          -0.172E+02   0.413E+01  -0.316E+00   0.134E-01
  CO2       H2O2        -0.182E+02   0.433E+01  -0.340E+00   0.144E-01
  CO2       HO2         -0.182E+02   0.433E+01  -0.340E+00   0.144E-01
  CO2       HE          -0.119E+02   0.249E+01  -0.113E+00   0.504E-02
  CO2       AR          -0.188E+02   0.453E+01  -0.361E+00   0.151E-01
  CO2       CO          -0.180E+02   0.428E+01  -0.334E+00   0.142E-01
  CO2       CO2         -0.200E+02   0.482E+01  -0.387E+00   0.158E-01
  
  HOCO      O           -0.172E+02   0.414E+01  -0.316E+00   0.134E-01
  HOCO      O2          -0.182E+02   0.434E+01  -0.340E+00   0.144E-01
  HOCO      N2          -0.180E+02   0.428E+01  -0.334E+00   0.142E-01
  HOCO      H           -0.170E+02   0.451E+01  -0.347E+00   0.140E-01
  HOCO      H2          -0.150E+02   0.371E+01  -0.268E+00   0.117E-01
  HOCO      H2O         -0.187E+02   0.424E+01  -0.279E+00   0.991E-02
  HOCO      OH          -0.172E+02   0.413E+01  -0.316E+00   0.134E-01
  HOCO      H2O2        -0.182E+02   0.433E+01  -0.340E+00   0.144E-01
  HOCO      HO2         -0.182E+02   0.433E+01  -0.340E+00   0.144E-01
  HOCO      HE          -0.119E+02   0.249E+01  -0.113E+00   0.504E-02
  HOCO      AR          -0.188E+02   0.453E+01  -0.361E+00   0.151E-01
  HOCO      CO          -0.180E+02   0.428E+01  -0.335E+00   0.142E-01
  HOCO      CO2         -0.200E+02   0.482E+01  -0.387E+00   0.158E-01
  HOCO      HOCO        -0.201E+02   0.482E+01  -0.387E+00   0.158E-01
  
  HCO       O           -0.186E+02   0.463E+01  -0.370E+00   0.153E-01
  HCO       O2          -0.196E+02   0.479E+01  -0.385E+00   0.158E-01
  HCO       N2          -0.194E+02   0.473E+01  -0.380E+00   0.156E-01
  HCO       H           -0.168E+02   0.423E+01  -0.288E+00   0.107E-01
  HCO       H2          -0.166E+02   0.428E+01  -0.335E+00   0.143E-01
  HCO       H2O         -0.163E+02   0.307E+01  -0.989E-01   0.113E-02
  HCO       OH          -0.186E+02   0.463E+01  -0.370E+00   0.153E-01
  HCO       H2O2        -0.196E+02   0.479E+01  -0.385E+00   0.158E-01
  HCO       HO2         -0.196E+02   0.479E+01  -0.385E+00   0.158E-01
  HCO       HE          -0.133E+02   0.304E+01  -0.182E+00   0.798E-02
  HCO       AR          -0.199E+02   0.484E+01  -0.385E+00   0.156E-01
  HCO       CO          -0.194E+02   0.473E+01  -0.380E+00   0.156E-01
  HCO       CO2         -0.198E+02   0.457E+01  -0.331E+00   0.125E-01
  HCO       HOCO        -0.198E+02   0.457E+01  -0.330E+00   0.124E-01
  HCO       HCO         -0.176E+02   0.346E+01  -0.157E+00   0.387E-02
  
  CH2O      O           -0.186E+02   0.463E+01  -0.369E+00   0.153E-01
  CH2O      O2          -0.196E+02   0.479E+01  -0.386E+00   0.158E-01
  CH2O      N2          -0.194E+02   0.473E+01  -0.380E+00   0.156E-01
  CH2O      H           -0.168E+02   0.422E+01  -0.288E+00   0.107E-01
  CH2O      H2          -0.166E+02   0.428E+01  -0.335E+00   0.143E-01
  CH2O      H2O         -0.163E+02   0.306E+01  -0.980E-01   0.109E-02
  CH2O      OH          -0.186E+02   0.463E+01  -0.370E+00   0.153E-01
  CH2O      H2O2        -0.196E+02   0.479E+01  -0.385E+00   0.158E-01
  CH2O      HO2         -0.196E+02   0.479E+01  -0.385E+00   0.158E-01
  CH2O      HE          -0.133E+02   0.304E+01  -0.183E+00   0.800E-02
  CH2O      AR          -0.199E+02   0.484E+01  -0.385E+00   0.156E-01
  CH2O      CO          -0.194E+02   0.473E+01  -0.380E+00   0.156E-01
  CH2O      CO2         -0.199E+02   0.458E+01  -0.331E+00   0.125E-01
  CH2O      HOCO        -0.199E+02   0.457E+01  -0.331E+00   0.125E-01
  CH2O      HCO         -0.176E+02   0.346E+01  -0.157E+00   0.386E-02
  CH2O      CH2O        -0.176E+02   0.346E+01  -0.157E+00   0.387E-02



 COEFFICIENTS FOR THERMAL DIFFUSION RATIOS

  MAXIMUM FITTING ERROR =    3.227E-02
  
  H         O            0.270E+00   0.278E-03  -0.104E-06   0.117E-10
  H         O2           0.230E+00   0.366E-03  -0.135E-06   0.150E-10
  H         N2           0.247E+00   0.340E-03  -0.126E-06   0.141E-10
  H         H            0.000E+00   0.000E+00   0.000E+00   0.000E+00
  H         H2           0.145E+00   0.474E-04  -0.170E-07   0.195E-11
  H         H2O         -0.860E-01   0.592E-03  -0.188E-06   0.189E-10
  H         OH           0.272E+00   0.280E-03  -0.105E-06   0.118E-10
  H         H2O2         0.231E+00   0.367E-03  -0.135E-06   0.151E-10
  H         HO2          0.230E+00   0.366E-03  -0.135E-06   0.150E-10
  H         HE           0.317E+00   0.681E-05   0.749E-08  -0.230E-11
  H         AR           0.183E+00   0.426E-03  -0.155E-06   0.170E-10
  H         CO           0.246E+00   0.341E-03  -0.127E-06   0.141E-10
  H         CO2          0.618E-01   0.547E-03  -0.190E-06   0.202E-10
  H         HOCO         0.618E-01   0.547E-03  -0.190E-06   0.202E-10
  H         HCO         -0.692E-01   0.614E-03  -0.199E-06   0.201E-10
  H         CH2O        -0.693E-01   0.615E-03  -0.199E-06   0.201E-10
  
  H2        O            0.388E+00   0.356E-04  -0.628E-08   0.246E-12
  H2        O2           0.416E+00   0.768E-04  -0.240E-07   0.256E-11
  H2        N2           0.418E+00   0.624E-04  -0.177E-07   0.175E-11
  H2        H           -0.145E+00  -0.474E-04   0.170E-07  -0.195E-11
  H2        H2           0.000E+00   0.000E+00   0.000E+00   0.000E+00
  H2        H2O          0.861E-01   0.427E-03  -0.151E-06   0.162E-10
  H2        OH           0.394E+00   0.361E-04  -0.637E-08   0.249E-12
  H2        H2O2         0.420E+00   0.774E-04  -0.242E-07   0.258E-11
  H2        HO2          0.418E+00   0.771E-04  -0.241E-07   0.257E-11
  H2        HE           0.156E+00   0.704E-04  -0.339E-07   0.139E-11
  H2        AR           0.400E+00   0.118E-03  -0.415E-07   0.473E-11
  H2        CO           0.417E+00   0.632E-04  -0.181E-07   0.180E-11
  H2        CO2          0.319E+00   0.237E-03  -0.889E-07   0.101E-10
  H2        HOCO         0.319E+00   0.237E-03  -0.891E-07   0.102E-10
  H2        HCO          0.176E+00   0.381E-03  -0.139E-06   0.153E-10
  H2        CH2O         0.177E+00   0.382E-03  -0.140E-06   0.154E-10
  
  HE        O            0.310E+00   0.377E-04  -0.611E-08  -0.208E-11
  HE        O2           0.410E+00   0.220E-04   0.493E-08  -0.326E-11
  HE        N2           0.393E+00   0.282E-04   0.159E-08  -0.306E-11
  HE        H           -0.317E+00  -0.681E-05  -0.749E-08   0.230E-11
  HE        H2          -0.156E+00  -0.704E-04   0.339E-07  -0.139E-11
  HE        H2O          0.271E+00   0.980E-04  -0.355E-07   0.409E-11
  HE        OH           0.320E+00   0.389E-04  -0.630E-08  -0.214E-11
  HE        H2O2         0.416E+00   0.223E-04   0.500E-08  -0.331E-11
  HE        HO2          0.413E+00   0.221E-04   0.497E-08  -0.329E-11
  HE        HE           0.000E+00   0.000E+00   0.000E+00   0.000E+00
  HE        AR           0.433E+00   0.109E-04   0.989E-08  -0.326E-11
  HE        CO           0.393E+00   0.278E-04   0.181E-08  -0.307E-11
  HE        CO2          0.428E+00   0.219E-04   0.156E-08  -0.100E-11
  HE        HOCO         0.430E+00   0.219E-04   0.157E-08  -0.101E-11
  HE        HCO          0.338E+00   0.955E-04  -0.335E-07   0.381E-11
  HE        CH2O         0.341E+00   0.964E-04  -0.338E-07   0.384E-11
